<?xml version="1.0" encoding="UTF-8"?>
<!-- Generated by org.testng.reporters.JUnitReportReporter -->
<testsuite hostname="CHANU" failures="0" tests="2" name="Main.Main" time="9.492" errors="0" timestamp="2023-07-13T16:26:43 IST" skipped="0">
  <testcase classname="Main.Main" name="driverSetup" time="3.106"/>
  <testcase classname="Main.Main" name="websiteNavigation" time="6.386"/>
</testsuite> <!-- Main.Main -->
