<?xml version="1.0" encoding="UTF-8"?>
<!-- Generated by org.testng.reporters.JUnitReportReporter -->
<testsuite hostname="CHANU" failures="0" tests="4" name="UsedCars.UsedCars" time="5.131" errors="0" timestamp="2023-07-13T16:26:43 IST" skipped="0">
  <testcase classname="UsedCars.UsedCars" name="usedCars" time="0.783"/>
  <testcase classname="UsedCars.UsedCars" name="usedCarsLocation" time="2.182"/>
  <testcase classname="UsedCars.UsedCars" name="usedCarsData" time="0.314"/>
  <testcase classname="UsedCars.UsedCars" name="back" time="1.852"/>
</testsuite> <!-- UsedCars.UsedCars -->
