<?xml version="1.0" encoding="UTF-8"?>
<!-- Generated by org.testng.reporters.JUnitReportReporter -->
<testsuite hostname="CHANU" failures="0" tests="2" name="captureScreenshot.CaptureScreenshot" time="2.554" errors="0" timestamp="2023-07-13T16:26:43 IST" skipped="0">
  <testcase classname="captureScreenshot.CaptureScreenshot" name="getScreenshot" time="0.145"/>
  <testcase classname="captureScreenshot.CaptureScreenshot" name="exit" time="2.409"/>
</testsuite> <!-- captureScreenshot.CaptureScreenshot -->
