<?xml version="1.0" encoding="UTF-8"?>
<!-- Generated by org.testng.reporters.JUnitReportReporter -->
<testsuite hostname="CHANU" failures="0" tests="5" name="LoginSetup.LoginSetup" time="12.092" errors="0" timestamp="2023-07-13T16:26:43 IST" skipped="0">
  <testcase classname="LoginSetup.LoginSetup" name="signup" time="3.173"/>
  <testcase classname="LoginSetup.LoginSetup" name="signUpUsingGoogle" time="0.230"/>
  <testcase classname="LoginSetup.LoginSetup" name="switchingWindow" time="8.095"/>
  <testcase classname="LoginSetup.LoginSetup" name="emailLogin" time="0.382"/>
  <testcase classname="LoginSetup.LoginSetup" name="errorCapture" time="0.212"/>
</testsuite> <!-- LoginSetup.LoginSetup -->
