<?xml version="1.0" encoding="UTF-8"?>
<!-- Generated by org.testng.reporters.JUnitReportReporter -->
<testsuite hostname="CHANU" failures="0" tests="5" name="UpcomingBikes.UpcomingBikes" time="7.279" errors="0" timestamp="2023-07-13T16:26:43 IST" skipped="0">
  <testcase classname="UpcomingBikes.UpcomingBikes" name="newBikes" time="0.224"/>
  <testcase classname="UpcomingBikes.UpcomingBikes" name="upcomingBikes" time="0.903"/>
  <testcase classname="UpcomingBikes.UpcomingBikes" name="bikeCompany" time="3.775"/>
  <testcase classname="UpcomingBikes.UpcomingBikes" name="upcomingBikesData" time="0.448"/>
  <testcase classname="UpcomingBikes.UpcomingBikes" name="navigateBack" time="1.929"/>
</testsuite> <!-- UpcomingBikes.UpcomingBikes -->
